d:\ga5th2q_project\snoopy\5_project\soulbeater\bin\d2dframework_d.pdb
d:\ga5th2q_project\snoopy\5_project\soulbeater\bin\d2dframework_d.idb
d:\ga5th2q_project\snoopy\5_project\soulbeater\d2dframework\x64\debug\eventmanager.obj
d:\ga5th2q_project\snoopy\5_project\soulbeater\d2dframework\x64\debug\collisionmanager.obj
d:\ga5th2q_project\snoopy\5_project\soulbeater\d2dframework\x64\debug\collision.obj
d:\ga5th2q_project\snoopy\5_project\soulbeater\d2dframework\x64\debug\circlecollider.obj
d:\ga5th2q_project\snoopy\5_project\soulbeater\d2dframework\x64\debug\spriterenderer.obj
d:\ga5th2q_project\snoopy\5_project\soulbeater\d2dframework\x64\debug\soundmanager.obj
d:\ga5th2q_project\snoopy\5_project\soulbeater\d2dframework\x64\debug\soundasset.obj
d:\ga5th2q_project\snoopy\5_project\soulbeater\d2dframework\x64\debug\sceneloader.obj
d:\ga5th2q_project\snoopy\5_project\soulbeater\d2dframework\x64\debug\iserialize.obj
d:\ga5th2q_project\snoopy\5_project\soulbeater\d2dframework\x64\debug\effectmanager.obj
d:\ga5th2q_project\snoopy\5_project\soulbeater\d2dframework\x64\debug\component.obj
d:\ga5th2q_project\snoopy\5_project\soulbeater\d2dframework\x64\debug\collider.obj
d:\ga5th2q_project\snoopy\5_project\soulbeater\d2dframework\x64\debug\cameramanager.obj
d:\ga5th2q_project\snoopy\5_project\soulbeater\d2dframework\x64\debug\beatmanager.obj
d:\ga5th2q_project\snoopy\5_project\soulbeater\d2dframework\x64\debug\baseentity.obj
d:\ga5th2q_project\snoopy\5_project\soulbeater\d2dframework\x64\debug\asyncinputmanager.obj
d:\ga5th2q_project\snoopy\5_project\soulbeater\d2dframework\x64\debug\animationrenderer.obj
d:\ga5th2q_project\snoopy\5_project\soulbeater\d2dframework\x64\debug\animationasset.obj
d:\ga5th2q_project\snoopy\5_project\soulbeater\d2dframework\x64\debug\aabbcollider.obj
d:\ga5th2q_project\snoopy\5_project\soulbeater\d2dframework\x64\debug\aabb.obj
d:\ga5th2q_project\snoopy\5_project\soulbeater\d2dframework\x64\debug\winapp.obj
d:\ga5th2q_project\snoopy\5_project\soulbeater\d2dframework\x64\debug\vector2.obj
d:\ga5th2q_project\snoopy\5_project\soulbeater\d2dframework\x64\debug\transform.obj
d:\ga5th2q_project\snoopy\5_project\soulbeater\d2dframework\x64\debug\timemanager.obj
d:\ga5th2q_project\snoopy\5_project\soulbeater\d2dframework\x64\debug\stringhelper.obj
d:\ga5th2q_project\snoopy\5_project\soulbeater\d2dframework\x64\debug\scenemanager.obj
d:\ga5th2q_project\snoopy\5_project\soulbeater\d2dframework\x64\debug\scene.obj
d:\ga5th2q_project\snoopy\5_project\soulbeater\d2dframework\x64\debug\rigidbody.obj
d:\ga5th2q_project\snoopy\5_project\soulbeater\d2dframework\x64\debug\rendermanager.obj
d:\ga5th2q_project\snoopy\5_project\soulbeater\d2dframework\x64\debug\objectmanager.obj
d:\ga5th2q_project\snoopy\5_project\soulbeater\d2dframework\x64\debug\obbcollider.obj
d:\ga5th2q_project\snoopy\5_project\soulbeater\d2dframework\x64\debug\mathhelper.obj
d:\ga5th2q_project\snoopy\5_project\soulbeater\d2dframework\x64\debug\iupdateable.obj
d:\ga5th2q_project\snoopy\5_project\soulbeater\d2dframework\x64\debug\irenderable.obj
d:\ga5th2q_project\snoopy\5_project\soulbeater\d2dframework\x64\debug\inputmanager.obj
d:\ga5th2q_project\snoopy\5_project\soulbeater\d2dframework\x64\debug\ifixedupdateable.obj
d:\ga5th2q_project\snoopy\5_project\soulbeater\d2dframework\x64\debug\icollideable.obj
d:\ga5th2q_project\snoopy\5_project\soulbeater\d2dframework\x64\debug\hrectangle.obj
d:\ga5th2q_project\snoopy\5_project\soulbeater\d2dframework\x64\debug\gameprocessor.obj
d:\ga5th2q_project\snoopy\5_project\soulbeater\d2dframework\x64\debug\gameobject.obj
d:\ga5th2q_project\snoopy\5_project\soulbeater\bin\d2dframework_d.lib
d:\ga5th2q_project\snoopy\5_project\soulbeater\d2dframework\x64\debug\d2dframework.tlog\cl.command.1.tlog
d:\ga5th2q_project\snoopy\5_project\soulbeater\d2dframework\x64\debug\d2dframework.tlog\cl.read.1.tlog
d:\ga5th2q_project\snoopy\5_project\soulbeater\d2dframework\x64\debug\d2dframework.tlog\cl.write.1.tlog
d:\ga5th2q_project\snoopy\5_project\soulbeater\d2dframework\x64\debug\d2dframework.tlog\lib-link.read.1.tlog
d:\ga5th2q_project\snoopy\5_project\soulbeater\d2dframework\x64\debug\d2dframework.tlog\lib-link.write.1.tlog
d:\ga5th2q_project\snoopy\5_project\soulbeater\d2dframework\x64\debug\d2dframework.tlog\lib.command.1.tlog
