d:\ga5th2q_project\snoopy\5_project\soulbeater\maptool_final\x64\debug\vc143.pdb
d:\ga5th2q_project\snoopy\5_project\soulbeater\maptool_final\x64\debug\vc143.idb
d:\ga5th2q_project\snoopy\5_project\soulbeater\maptool_final\x64\debug\soulbeaterprocessor.obj
d:\ga5th2q_project\snoopy\5_project\soulbeater\maptool_final\x64\debug\main.obj
d:\ga5th2q_project\snoopy\5_project\soulbeater\maptool_final\x64\debug\example.obj
d:\ga5th2q_project\snoopy\5_project\soulbeater\maptool_final\x64\debug\imgui_widgets.obj
d:\ga5th2q_project\snoopy\5_project\soulbeater\maptool_final\x64\debug\imgui_tables.obj
d:\ga5th2q_project\snoopy\5_project\soulbeater\maptool_final\x64\debug\imgui_impl_win32.obj
d:\ga5th2q_project\snoopy\5_project\soulbeater\maptool_final\x64\debug\imgui_impl_dx11.obj
d:\ga5th2q_project\snoopy\5_project\soulbeater\maptool_final\x64\debug\imgui_draw.obj
d:\ga5th2q_project\snoopy\5_project\soulbeater\maptool_final\x64\debug\imgui_demo.obj
d:\ga5th2q_project\snoopy\5_project\soulbeater\maptool_final\x64\debug\imgui.obj
d:\ga5th2q_project\snoopy\5_project\soulbeater\maptool_final\x64\debug\maptoolwinapp.obj
d:\ga5th2q_project\snoopy\5_project\soulbeater\bin\ps.cso
d:\ga5th2q_project\snoopy\5_project\soulbeater\bin\vs.cso
d:\ga5th2q_project\snoopy\5_project\soulbeater\bin\01_dx11initandimgui_d.exe
d:\ga5th2q_project\snoopy\5_project\soulbeater\maptool_final\x64\debug\01_dx11initandimgui_d.ilk
d:\ga5th2q_project\snoopy\5_project\soulbeater\bin\01_dx11initandimgui_d.pdb
d:\ga5th2q_project\snoopy\5_project\soulbeater\maptool_final\x64\debug\01_dx11i.0aeaddc1.tlog\cl.command.1.tlog
d:\ga5th2q_project\snoopy\5_project\soulbeater\maptool_final\x64\debug\01_dx11i.0aeaddc1.tlog\cl.read.1.tlog
d:\ga5th2q_project\snoopy\5_project\soulbeater\maptool_final\x64\debug\01_dx11i.0aeaddc1.tlog\cl.write.1.tlog
d:\ga5th2q_project\snoopy\5_project\soulbeater\maptool_final\x64\debug\01_dx11i.0aeaddc1.tlog\fxc.command.1.tlog
d:\ga5th2q_project\snoopy\5_project\soulbeater\maptool_final\x64\debug\01_dx11i.0aeaddc1.tlog\fxc.read.1.tlog
d:\ga5th2q_project\snoopy\5_project\soulbeater\maptool_final\x64\debug\01_dx11i.0aeaddc1.tlog\fxc.write.1.tlog
d:\ga5th2q_project\snoopy\5_project\soulbeater\maptool_final\x64\debug\01_dx11i.0aeaddc1.tlog\link.command.1.tlog
d:\ga5th2q_project\snoopy\5_project\soulbeater\maptool_final\x64\debug\01_dx11i.0aeaddc1.tlog\link.read.1.tlog
d:\ga5th2q_project\snoopy\5_project\soulbeater\maptool_final\x64\debug\01_dx11i.0aeaddc1.tlog\link.write.1.tlog
