d:\ga5th2q_project\snoopy\5_project\soulbeater\maptool\x64\debug\vc143.pdb
d:\ga5th2q_project\snoopy\5_project\soulbeater\maptool\x64\debug\vc143.idb
d:\ga5th2q_project\snoopy\5_project\soulbeater\maptool\x64\debug\texture.obj
d:\ga5th2q_project\snoopy\5_project\soulbeater\maptool\x64\debug\resourcemanager.obj
d:\ga5th2q_project\snoopy\5_project\soulbeater\maptool\x64\debug\mesh.obj
d:\ga5th2q_project\snoopy\5_project\soulbeater\maptool\x64\debug\maptoolprocess.obj
d:\ga5th2q_project\snoopy\5_project\soulbeater\maptool\x64\debug\main.obj
d:\ga5th2q_project\snoopy\5_project\soulbeater\maptool\x64\debug\keymanager.obj
d:\ga5th2q_project\snoopy\5_project\soulbeater\maptool\x64\debug\example.obj
d:\ga5th2q_project\snoopy\5_project\soulbeater\maptool\x64\debug\data.obj
d:\ga5th2q_project\snoopy\5_project\soulbeater\bin\vs.cso
d:\ga5th2q_project\snoopy\5_project\soulbeater\maptool\x64\debug\imgui.obj
d:\ga5th2q_project\snoopy\5_project\soulbeater\maptool\x64\debug\imgui_demo.obj
d:\ga5th2q_project\snoopy\5_project\soulbeater\maptool\x64\debug\imgui_draw.obj
d:\ga5th2q_project\snoopy\5_project\soulbeater\maptool\x64\debug\imgui_impl_dx11.obj
d:\ga5th2q_project\snoopy\5_project\soulbeater\maptool\x64\debug\imgui_impl_win32.obj
d:\ga5th2q_project\snoopy\5_project\soulbeater\maptool\x64\debug\imgui_tables.obj
d:\ga5th2q_project\snoopy\5_project\soulbeater\maptool\x64\debug\imgui_widgets.obj
d:\ga5th2q_project\snoopy\5_project\soulbeater\maptool\x64\debug\01_dx11i.068b66ab.tlog\cl.command.1.tlog
d:\ga5th2q_project\snoopy\5_project\soulbeater\maptool\x64\debug\01_dx11i.068b66ab.tlog\cl.read.1.tlog
d:\ga5th2q_project\snoopy\5_project\soulbeater\maptool\x64\debug\01_dx11i.068b66ab.tlog\cl.write.1.tlog
d:\ga5th2q_project\snoopy\5_project\soulbeater\maptool\x64\debug\01_dx11i.068b66ab.tlog\fxc.command.1.tlog
d:\ga5th2q_project\snoopy\5_project\soulbeater\maptool\x64\debug\01_dx11i.068b66ab.tlog\fxc.read.1.tlog
d:\ga5th2q_project\snoopy\5_project\soulbeater\maptool\x64\debug\01_dx11i.068b66ab.tlog\fxc.write.1.tlog
d:\ga5th2q_project\snoopy\5_project\soulbeater\maptool\x64\debug\01_dx11i.068b66ab.tlog\link.command.1.tlog
d:\ga5th2q_project\snoopy\5_project\soulbeater\maptool\x64\debug\01_dx11i.068b66ab.tlog\link.read.1.tlog
d:\ga5th2q_project\snoopy\5_project\soulbeater\maptool\x64\debug\01_dx11i.068b66ab.tlog\link.write.1.tlog
