  EveBossFSM.cpp
E:\게임인재원 폴더\GA5th2Q_Project\Snoopy\5_Project\SoulBeater\D2DFramework\RenderManger.h(149,32): warning C4244: '인수': 'unsigned int'에서 'FLOAT'(으)로 변환하면서 데이터가 손실될 수 있습니다.
E:\게임인재원 폴더\GA5th2Q_Project\Snoopy\5_Project\SoulBeater\DemoVersion_Geon\EveBossComponent.h(83,23): warning C4244: 'return': 'float'에서 'unsigned int'(으)로 변환하면서 데이터가 손실될 수 있습니다.
E:\게임인재원 폴더\GA5th2Q_Project\Snoopy\5_Project\SoulBeater\DemoVersion_Geon\EveBossFSM.cpp(99,80): warning C4244: '인수': 'double'에서 'float'(으)로 변환하면서 데이터가 손실될 수 있습니다.
E:\게임인재원 폴더\GA5th2Q_Project\Snoopy\5_Project\SoulBeater\DemoVersion_Geon\EveBossFSM.cpp(288,60): warning C4244: '인수': 'double'에서 'float'(으)로 변환하면서 데이터가 손실될 수 있습니다.
E:\게임인재원 폴더\GA5th2Q_Project\Snoopy\5_Project\SoulBeater\DemoVersion_Geon\EveBossFSM.cpp(327,61): warning C4244: '인수': 'double'에서 'float'(으)로 변환하면서 데이터가 손실될 수 있습니다.
C:\Program Files\Microsoft Visual Studio\2022\Community\VC\Tools\MSVC\14.35.32215\include\xstring(2859,53): warning C4244: '인수': 'wchar_t'에서 'const _Elem'(으)로 변환하면서 데이터가 손실될 수 있습니다.
          with
          [
              _Elem=char
          ]
C:\Program Files\Microsoft Visual Studio\2022\Community\VC\Tools\MSVC\14.35.32215\include\xstring(2718,1): message : 컴파일되는 함수 템플릿 인스턴스화 'void std::basic_string<char,std::char_traits<char>,std::allocator<char>>::_Construct_from_iter<wchar_t*,wchar_t*,_Size_type>(_Iter,const _Sent,_Size)'에 대한 참조를 확인하세요.
          with
          [
              _Size_type=unsigned __int64,
              _Iter=wchar_t *,
              _Sent=wchar_t *,
              _Size=unsigned __int64
          ]
C:\Program Files\Microsoft Visual Studio\2022\Community\VC\Tools\MSVC\14.35.32215\include\xstring(2718,37): message : 컴파일되는 함수 템플릿 인스턴스화 'void std::basic_string<char,std::char_traits<char>,std::allocator<char>>::_Construct_from_iter<wchar_t*,wchar_t*,_Size_type>(_Iter,const _Sent,_Size)'에 대한 참조를 확인하세요.
          with
          [
              _Size_type=unsigned __int64,
              _Iter=wchar_t *,
              _Sent=wchar_t *,
              _Size=unsigned __int64
          ]
E:\게임인재원 폴더\GA5th2Q_Project\Snoopy\5_Project\SoulBeater\D2DFramework\SpriteRenderer.h(98): message : 컴파일되는 함수 템플릿 인스턴스화 'std::basic_string<char,std::char_traits<char>,std::allocator<char>>::basic_string<std::_String_iterator<std::_String_val<std::_Simple_types<_Elem>>>,0>(_Iter,_Iter,const _Alloc &)'에 대한 참조를 확인하세요.
          with
          [
              _Elem=wchar_t,
              _Iter=std::_String_iterator<std::_String_val<std::_Simple_types<wchar_t>>>,
              _Alloc=std::allocator<char>
          ]
E:\게임인재원 폴더\GA5th2Q_Project\Snoopy\5_Project\SoulBeater\D2DFramework\SpriteRenderer.h(98,18): message : 컴파일되는 함수 템플릿 인스턴스화 'std::basic_string<char,std::char_traits<char>,std::allocator<char>>::basic_string<std::_String_iterator<std::_String_val<std::_Simple_types<_Elem>>>,0>(_Iter,_Iter,const _Alloc &)'에 대한 참조를 확인하세요.
          with
          [
              _Elem=wchar_t,
              _Iter=std::_String_iterator<std::_String_val<std::_Simple_types<wchar_t>>>,
              _Alloc=std::allocator<char>
          ]
  YsBossFSM.cpp
E:\게임인재원 폴더\GA5th2Q_Project\Snoopy\5_Project\SoulBeater\D2DFramework\RenderManger.h(149,32): warning C4244: '인수': 'unsigned int'에서 'FLOAT'(으)로 변환하면서 데이터가 손실될 수 있습니다.
E:\게임인재원 폴더\GA5th2Q_Project\Snoopy\5_Project\SoulBeater\DemoVersion_Geon\YsBossComponent.h(83,23): warning C4244: 'return': 'float'에서 'unsigned int'(으)로 변환하면서 데이터가 손실될 수 있습니다.
E:\게임인재원 폴더\GA5th2Q_Project\Snoopy\5_Project\SoulBeater\DemoVersion_Geon\YsBossFSM.cpp(98,80): warning C4244: '인수': 'double'에서 'float'(으)로 변환하면서 데이터가 손실될 수 있습니다.
E:\게임인재원 폴더\GA5th2Q_Project\Snoopy\5_Project\SoulBeater\DemoVersion_Geon\YsBossFSM.cpp(298,60): warning C4244: '인수': 'double'에서 'float'(으)로 변환하면서 데이터가 손실될 수 있습니다.
C:\Program Files\Microsoft Visual Studio\2022\Community\VC\Tools\MSVC\14.35.32215\include\xstring(2859,53): warning C4244: '인수': 'wchar_t'에서 'const _Elem'(으)로 변환하면서 데이터가 손실될 수 있습니다.
          with
          [
              _Elem=char
          ]
C:\Program Files\Microsoft Visual Studio\2022\Community\VC\Tools\MSVC\14.35.32215\include\xstring(2718,1): message : 컴파일되는 함수 템플릿 인스턴스화 'void std::basic_string<char,std::char_traits<char>,std::allocator<char>>::_Construct_from_iter<wchar_t*,wchar_t*,_Size_type>(_Iter,const _Sent,_Size)'에 대한 참조를 확인하세요.
          with
          [
              _Size_type=unsigned __int64,
              _Iter=wchar_t *,
              _Sent=wchar_t *,
              _Size=unsigned __int64
          ]
C:\Program Files\Microsoft Visual Studio\2022\Community\VC\Tools\MSVC\14.35.32215\include\xstring(2718,37): message : 컴파일되는 함수 템플릿 인스턴스화 'void std::basic_string<char,std::char_traits<char>,std::allocator<char>>::_Construct_from_iter<wchar_t*,wchar_t*,_Size_type>(_Iter,const _Sent,_Size)'에 대한 참조를 확인하세요.
          with
          [
              _Size_type=unsigned __int64,
              _Iter=wchar_t *,
              _Sent=wchar_t *,
              _Size=unsigned __int64
          ]
E:\게임인재원 폴더\GA5th2Q_Project\Snoopy\5_Project\SoulBeater\D2DFramework\SpriteRenderer.h(98): message : 컴파일되는 함수 템플릿 인스턴스화 'std::basic_string<char,std::char_traits<char>,std::allocator<char>>::basic_string<std::_String_iterator<std::_String_val<std::_Simple_types<_Elem>>>,0>(_Iter,_Iter,const _Alloc &)'에 대한 참조를 확인하세요.
          with
          [
              _Elem=wchar_t,
              _Iter=std::_String_iterator<std::_String_val<std::_Simple_types<wchar_t>>>,
              _Alloc=std::allocator<char>
          ]
E:\게임인재원 폴더\GA5th2Q_Project\Snoopy\5_Project\SoulBeater\D2DFramework\SpriteRenderer.h(98,18): message : 컴파일되는 함수 템플릿 인스턴스화 'std::basic_string<char,std::char_traits<char>,std::allocator<char>>::basic_string<std::_String_iterator<std::_String_val<std::_Simple_types<_Elem>>>,0>(_Iter,_Iter,const _Alloc &)'에 대한 참조를 확인하세요.
          with
          [
              _Elem=wchar_t,
              _Iter=std::_String_iterator<std::_String_val<std::_Simple_types<wchar_t>>>,
              _Alloc=std::allocator<char>
          ]
  코드를 생성하고 있습니다...
  DemoVersion_Geon.vcxproj -> E:\게임인재원 폴더\GA5th2Q_Project\Snoopy\5_Project\SoulBeater\Bin\TestProjectGeon_d.exe
